error: expected expression
 --> $DIR/parse_err.rs:3:18
  |
3 | #[requires(true ++ 1)]
  |                  ^

error: expected expression
 --> $DIR/parse_err.rs:6:17
  |
6 | #[ensures(true ++ 1)]
  |                 ^

error: expected expression
  --> $DIR/parse_err.rs:11:26
   |
11 |         invariant!(true ++ 1)
   |                          ^
   |
   = note: this error originates in a macro (in Nightly builds, run with -Z macro-backtrace for more info)

error: expected expression
  --> $DIR/parse_err.rs:19:26
   |
19 |         invariant!(true ++ 1)
   |                          ^
   |
   = note: this error originates in a macro (in Nightly builds, run with -Z macro-backtrace for more info)

error: expected expression
  --> $DIR/parse_err.rs:24:17
   |
24 | #[ensures(true ++ 1)]
   |                 ^

error: aborting due to 5 previous errors

